Running: C:\Xilinx\14.7\ISE_DS\ISE\bin\nt64\unwrapped\fuse.exe -intstyle ise -incremental -lib unisims_ver -lib unimacro_ver -lib xilinxcorelib_ver -lib secureip -o D:/My Study Folder/3rd Year/Sem 5/COA/Lab/Assignment 6/asgn6_1/tb_isim_beh.exe -prj D:/My Study Folder/3rd Year/Sem 5/COA/Lab/Assignment 6/asgn6_1/tb_beh.prj work.tb work.glbl 
ISim P.20131013 (signature 0x7708f090)
Number of CPUs detected in this system: 8
Turning on mult-threading, number of parallel sub-compilation jobs: 16 
Determining compilation order of HDL files
Analyzing Verilog file "D:/My Study Folder/3rd Year/Sem 5/COA/Lab/Assignment 6/asgn6_1/riiple_carry_adder.v" into library work
Analyzing Verilog file "D:/My Study Folder/3rd Year/Sem 5/COA/Lab/Assignment 6/asgn6_1/tb.v" into library work
Analyzing Verilog file "C:/Xilinx/14.7/ISE_DS/ISE//verilog/src/glbl.v" into library work
Starting static elaboration
Completed static elaboration
Compiling module Adder
Compiling module riiple_carry_adder
Compiling module tb
Compiling module glbl
Time Resolution for simulation is 1ps.
Waiting for 1 sub-compilation(s) to finish...
Compiled 4 Verilog Units
Built simulation executable D:/My Study Folder/3rd Year/Sem 5/COA/Lab/Assignment 6/asgn6_1/tb_isim_beh.exe
Fuse Memory Usage: 28000 KB
Fuse CPU Usage: 280 ms
