--------------------------------------------------------------------------------
Release 14.7 Trace  (nt64)
Copyright (c) 1995-2013 Xilinx, Inc.  All rights reserved.

C:\Xilinx\14.7\ISE_DS\ISE\bin\nt64\unwrapped\trce.exe -intstyle ise -v 3 -s 3
-n 3 -fastpaths -xml riiple_carry_adder.twx riiple_carry_adder.ncd -o
riiple_carry_adder.twr riiple_carry_adder.pcf -ucf ripple_carry_adder.ucf

Design file:              riiple_carry_adder.ncd
Physical constraint file: riiple_carry_adder.pcf
Device,package,speed:     xc7a100t,csg324,C,-3 (PRODUCTION 1.10 2013-10-13)
Report level:             verbose report

Environment Variable      Effect 
--------------------      ------ 
NONE                      No environment variables were set
--------------------------------------------------------------------------------

INFO:Timing:2698 - No timing constraints found, doing default enumeration.
INFO:Timing:3412 - To improve timing, see the Timing Closure User Guide (UG612).
INFO:Timing:2752 - To get complete path coverage, use the unconstrained paths 
   option. All paths that are not constrained will be reported in the 
   unconstrained paths section(s) of the report.
INFO:Timing:3339 - The clock-to-out numbers in this timing report are based on 
   a 50 Ohm transmission line loading model.  For the details of this model, 
   and for more information on accounting for different loading conditions, 
   please see the device datasheet.



Data Sheet report:
-----------------
All values displayed in nanoseconds (ns)

Pad to Pad
---------------+---------------+---------+
Source Pad     |Destination Pad|  Delay  |
---------------+---------------+---------+
a<0>           |cout           |   10.092|
a<0>           |sum<0>         |    8.278|
a<0>           |sum<1>         |    8.263|
a<0>           |sum<2>         |    8.364|
a<0>           |sum<3>         |    8.465|
a<0>           |sum<4>         |    8.703|
a<0>           |sum<5>         |    9.519|
a<0>           |sum<6>         |    9.801|
a<0>           |sum<7>         |   10.255|
a<1>           |cout           |    9.849|
a<1>           |sum<1>         |    8.016|
a<1>           |sum<2>         |    8.522|
a<1>           |sum<3>         |    8.222|
a<1>           |sum<4>         |    8.460|
a<1>           |sum<5>         |    9.276|
a<1>           |sum<6>         |    9.558|
a<1>           |sum<7>         |   10.012|
a<2>           |cout           |    9.852|
a<2>           |sum<2>         |    7.737|
a<2>           |sum<3>         |    8.225|
a<2>           |sum<4>         |    8.463|
a<2>           |sum<5>         |    9.279|
a<2>           |sum<6>         |    9.561|
a<2>           |sum<7>         |   10.015|
a<3>           |cout           |    9.378|
a<3>           |sum<3>         |    7.168|
a<3>           |sum<4>         |    7.975|
a<3>           |sum<5>         |    8.805|
a<3>           |sum<6>         |    9.087|
a<3>           |sum<7>         |    9.541|
a<4>           |cout           |    9.192|
a<4>           |sum<4>         |    7.803|
a<4>           |sum<5>         |    8.619|
a<4>           |sum<6>         |    8.901|
a<4>           |sum<7>         |    9.355|
a<5>           |cout           |    7.942|
a<5>           |sum<5>         |    7.141|
a<5>           |sum<6>         |    7.635|
a<5>           |sum<7>         |    8.105|
a<6>           |cout           |    7.037|
a<6>           |sum<6>         |    6.744|
a<6>           |sum<7>         |    7.200|
a<7>           |cout           |    7.556|
a<7>           |sum<7>         |    7.711|
b<0>           |cout           |   10.334|
b<0>           |sum<0>         |    9.026|
b<0>           |sum<1>         |    9.012|
b<0>           |sum<2>         |    8.891|
b<0>           |sum<3>         |    8.707|
b<0>           |sum<4>         |    8.945|
b<0>           |sum<5>         |    9.761|
b<0>           |sum<6>         |   10.043|
b<0>           |sum<7>         |   10.497|
b<1>           |cout           |   10.106|
b<1>           |sum<1>         |    9.046|
b<1>           |sum<2>         |    8.937|
b<1>           |sum<3>         |    8.479|
b<1>           |sum<4>         |    8.717|
b<1>           |sum<5>         |    9.533|
b<1>           |sum<6>         |    9.815|
b<1>           |sum<7>         |   10.269|
b<2>           |cout           |    9.441|
b<2>           |sum<2>         |    8.109|
b<2>           |sum<3>         |    7.814|
b<2>           |sum<4>         |    8.052|
b<2>           |sum<5>         |    8.868|
b<2>           |sum<6>         |    9.150|
b<2>           |sum<7>         |    9.604|
b<3>           |cout           |    9.557|
b<3>           |sum<3>         |    7.454|
b<3>           |sum<4>         |    8.156|
b<3>           |sum<5>         |    8.984|
b<3>           |sum<6>         |    9.266|
b<3>           |sum<7>         |    9.720|
b<4>           |cout           |   10.140|
b<4>           |sum<4>         |    8.739|
b<4>           |sum<5>         |    9.567|
b<4>           |sum<6>         |    9.849|
b<4>           |sum<7>         |   10.303|
b<5>           |cout           |    7.053|
b<5>           |sum<5>         |    6.840|
b<5>           |sum<6>         |    6.754|
b<5>           |sum<7>         |    7.216|
b<6>           |cout           |    7.442|
b<6>           |sum<6>         |    7.139|
b<6>           |sum<7>         |    7.605|
b<7>           |cout           |    7.081|
b<7>           |sum<7>         |    7.240|
---------------+---------------+---------+


Analysis completed Sun Aug 18 20:05:08 2019 
--------------------------------------------------------------------------------

Trace Settings:
-------------------------
Trace Settings 

Peak Memory Usage: 4999 MB



