Parsing successful
 NAME                                               TYPE   INITIAL VALUE  SIZE  OFFSET      NEXT TABLE

GlobalTable
 main                                                int            NULL     0       0       0x1e48f70

main Function
    a                                                int               1     4       0            null 
   t0                                                int               1     4       4            null 
    b                                                int              40     4       8            null 
   t1                                                int               0     4      12            null 
   t2                                                int               1     4      16            null 
   t3                                                int              10     4      20            null 
   t4                                                int              20     4      24            null 
   t5                                                int              30     4      28            null 
   t6                                                int              40     4      32            null 

quads
 0     t0 	=	     1            
 1      a 	=	    t0            
 2     t1 	=	     0            
 3      b 	=	    t1            
 4     t2 	=	     1            
 5     if     a ==  t2      goto    7
 6   goto  15
 7     t3 	=	    10            
 8      b 	=	    t3            
 9     t4 	=	    20            
10      b 	=	    t4            
11     t5 	=	    30            
12      b 	=	    t5            
13     t6 	=	    40            
14      b 	=	    t6            
